c:\users\lucas\desktop\calibracao_disparidade\calibracao_disparidade\debug\calibracao_disparidade.pch
c:\users\lucas\desktop\calibracao_disparidade\calibracao_disparidade\debug\vc120.pdb
c:\users\lucas\desktop\calibracao_disparidade\calibracao_disparidade\debug\vc120.idb
c:\users\lucas\desktop\calibracao_disparidade\calibracao_disparidade\debug\stdafx.obj
c:\users\lucas\desktop\calibracao_disparidade\calibracao_disparidade\debug\calibracao_disparidade.obj
c:\users\lucas\desktop\calibracao_disparidade\calibracao_disparidade\debug\core.obj
c:\users\lucas\desktop\calibracao_disparidade\calibracao_disparidade\debug\descriptor.obj
c:\users\lucas\desktop\calibracao_disparidade\calibracao_disparidade\debug\elas.obj
c:\users\lucas\desktop\calibracao_disparidade\calibracao_disparidade\debug\filter.obj
c:\users\lucas\desktop\calibracao_disparidade\calibracao_disparidade\debug\main.obj
c:\users\lucas\desktop\calibracao_disparidade\calibracao_disparidade\debug\matrix.obj
c:\users\lucas\desktop\calibracao_disparidade\calibracao_disparidade\debug\triangle.obj
c:\users\lucas\dropbox\mestrado\lincs\calibracao_disparidade\calibracao_disparidade\debug\vc120.pdb
c:\users\lucas\dropbox\mestrado\lincs\calibracao_disparidade\calibracao_disparidade\debug\vc120.idb
c:\users\lucas\dropbox\mestrado\lincs\calibracao_disparidade\calibracao_disparidade\debug\core.obj
c:\users\lucas\dropbox\mestrado\lincs\calibracao_disparidade\calibracao_disparidade\debug\descriptor.obj
c:\users\lucas\dropbox\mestrado\lincs\calibracao_disparidade\calibracao_disparidade\debug\elas.obj
c:\users\lucas\dropbox\mestrado\lincs\calibracao_disparidade\calibracao_disparidade\debug\filter.obj
c:\users\lucas\dropbox\mestrado\lincs\calibracao_disparidade\calibracao_disparidade\debug\main.obj
c:\users\lucas\dropbox\mestrado\lincs\calibracao_disparidade\calibracao_disparidade\debug\matrix.obj
c:\users\lucas\dropbox\mestrado\lincs\calibracao_disparidade\calibracao_disparidade\debug\triangle.obj
c:\users\lucas\desktop\calibracao_disparidade\calibracao_disparidade\debug\calibracao_disparidade.ilk
c:\users\lucas\desktop\calibracao_disparidade\calibracao_disparidade\debug\calibracao_disparidade.exe
c:\users\lucas\desktop\calibracao_disparidade\calibracao_disparidade\debug\calibracao_disparidade.pdb
c:\users\lucas\dropbox\mestrado\lincs\calibracao_disparidade\calibracao_disparidade\debug\calibracao_disparidade.ilk
c:\users\lucas\dropbox\mestrado\lincs\calibracao_disparidade\calibracao_disparidade\debug\calibracao_disparidade.exe
c:\users\lucas\dropbox\mestrado\lincs\calibracao_disparidade\calibracao_disparidade\debug\calibracao_disparidade.pdb
c:\users\lucas\dropbox\mestrado\lincs\calibracao_disparidade\calibracao_disparidade\debug\calibracao_disparidade.obj
c:\users\lucas\dropbox\mestrado\lincs\calibracao_disparidade\calibracao_disparidade\debug\stdafx.obj
c:\users\lucas\dropbox\mestrado\lincs\calibracao_disparidade\calibracao_disparidade\debug\calibracao_disparidade.pch
c:\users\lucas\dropbox\mestrado\lincs\calibracao_disparidade\calibracao_disparidade\debug\calibrac.7d30dddb.tlog\cl.command.1.tlog
c:\users\lucas\dropbox\mestrado\lincs\calibracao_disparidade\calibracao_disparidade\debug\calibrac.7d30dddb.tlog\cl.read.1.tlog
c:\users\lucas\dropbox\mestrado\lincs\calibracao_disparidade\calibracao_disparidade\debug\calibrac.7d30dddb.tlog\cl.write.1.tlog
c:\users\lucas\dropbox\mestrado\lincs\calibracao_disparidade\calibracao_disparidade\debug\calibrac.7d30dddb.tlog\link.command.1.tlog
c:\users\lucas\dropbox\mestrado\lincs\calibracao_disparidade\calibracao_disparidade\debug\calibrac.7d30dddb.tlog\link.read.1.tlog
c:\users\lucas\dropbox\mestrado\lincs\calibracao_disparidade\calibracao_disparidade\debug\calibrac.7d30dddb.tlog\link.write.1.tlog
